<?xml version="1.0" encoding="UTF-8"?>
<!-- Generated by org.testng.reporters.JUnitReportReporter -->
<testsuite hostname="USER-PC" failures="0" tests="1" name="JavaStream.Uniqu_Using_Stream" time="0.022" errors="0" timestamp="2022-11-29T11:29:54 IST" skipped="0">
  <testcase classname="JavaStream.Uniqu_Using_Stream" name="demo" time="0.022"/>
  <system-out/>
</testsuite> <!-- JavaStream.Uniqu_Using_Stream -->
