<?xml version="1.0" encoding="UTF-8"?>
<!-- Generated by org.testng.reporters.JUnitReportReporter -->
<testsuite hostname="USER-PC" failures="0" tests="1" name="JavaStream.Test1" time="0.027" errors="0" timestamp="2022-11-29T10:14:07 IST" skipped="0">
  <testcase classname="JavaStream.Test1" name="StreamFilter" time="0.027"/>
  <system-out/>
</testsuite> <!-- JavaStream.Test1 -->
