<?xml version="1.0" encoding="UTF-8"?>
<!-- Generated by org.testng.reporters.JUnitReportReporter -->
<testsuite hostname="USER-PC" failures="0" tests="1" name="JavaStream.StreamMap" time="0.025" errors="0" timestamp="2022-11-29T10:22:56 IST" skipped="0">
  <testcase classname="JavaStream.StreamMap" name="mapping" time="0.025"/>
  <system-out/>
</testsuite> <!-- JavaStream.StreamMap -->
