<?xml version="1.0" encoding="UTF-8"?>
<!-- Generated by org.testng.reporters.JUnitReportReporter -->
<testsuite hostname="USER-PC" failures="0" tests="1" name="JavaStream.MargeArrayLists" time="0.024" errors="0" timestamp="2022-11-29T11:01:39 IST" skipped="0">
  <testcase classname="JavaStream.MargeArrayLists" name="margingsorts" time="0.024"/>
  <system-out/>
</testsuite> <!-- JavaStream.MargeArrayLists -->
