<?xml version="1.0" encoding="UTF-8"?>
<!-- Generated by org.testng.reporters.JUnitReportReporter -->
<testsuite hostname="USER-PC" failures="0" tests="1" name="JavaStream.StreamShorts" time="0.020" errors="0" timestamp="2022-11-29T10:37:30 IST" skipped="0">
  <testcase classname="JavaStream.StreamShorts" name="sorts" time="0.020"/>
  <system-out/>
</testsuite> <!-- JavaStream.StreamShorts -->
