<?xml version="1.0" encoding="UTF-8"?>
<!-- Generated by org.testng.reporters.JUnitReportReporter -->
<testsuite hostname="USER-PC" failures="0" tests="1" name="JavaStream.StreamCollect" time="0.022" errors="0" timestamp="2022-11-29T11:14:09 IST" skipped="0">
  <testcase classname="JavaStream.StreamCollect" name="collects" time="0.022"/>
  <system-out/>
</testsuite> <!-- JavaStream.StreamCollect -->
